<?xml version="1.0" encoding="UTF-8"?>
<testsuite xmlns:xsi="http://www.w3.org/2001/XMLSchema-instance" xsi:noNamespaceSchemaLocation="https://maven.apache.org/surefire/maven-surefire-plugin/xsd/surefire-test-report.xsd" name="runner.TestRunnerAgenHora" time="10.346" tests="5" errors="2" skipped="2" failures="0">
  <properties>
[...]
</properties>
  <testcase name="Given El usuario está en la pantalla de inicio sesión en google chrome" classname="Scenario: Ingresar al agendamiento de hora desde la pantalla inicio de sesion y menu." time="0"/>
  <testcase name="When Se inicia sesión con usuario &quot;jops&quot; y password &quot;1234&quot; se válida" classname="Scenario: Ingresar al agendamiento de hora desde la pantalla inicio de sesion y menu." time="0">
    <error message="no such element: Unable to locate element: {&quot;method&quot;:&quot;css selector&quot;,&quot;selector&quot;:&quot;#nombreUsuario&quot;}&#10;  (Session info: chrome=75.0.3770.90)&#10;For documentation on this error, please visit: http://seleniumhq.org/exceptions/no_such_element.html&#10;Build info: version: &apos;3.7.1&apos;, revision: &apos;8a0099a&apos;, time: &apos;2017-11-06T21:01:39.354Z&apos;&#10;System info: host: &apos;DESKTOP-80QDO0I&apos;, ip: &apos;192.168.1.11&apos;, os.name: &apos;Windows 10&apos;, os.arch: &apos;amd64&apos;, os.version: &apos;10.0&apos;, java.version: &apos;1.8.0_202&apos;&#10;Driver info: org.openqa.selenium.chrome.ChromeDriver&#10;Capabilities {acceptInsecureCerts: false, browserName: chrome, browserVersion: 75.0.3770.90, chrome: {chromedriverVersion: 75.0.3770.90 (a6dcaf7e3ec6f..., userDataDir: C:\Users\kako\AppData\Local...}, goog:chromeOptions: {debuggerAddress: localhost:50125}, javascriptEnabled: true, networkConnectionEnabled: false, pageLoadStrategy: normal, platform: XP, platformName: XP, proxy: Proxy(), setWindowRect: true, strictFileInteractability: false, timeouts: {implicit: 0, pageLoad: 300000, script: 30000}, unhandledPromptBehavior: dismiss and notify}&#10;Session ID: b0e909733777f2525b799ed1e7bf36ec&#10;*** Element info: {Using=id, value=nombreUsuario}" type="org.openqa.selenium.NoSuchElementException">org.openqa.selenium.NoSuchElementException: 
no such element: Unable to locate element: {"method":"css selector","selector":"#nombreUsuario"}
  (Session info: chrome=75.0.3770.90)
For documentation on this error, please visit: http://seleniumhq.org/exceptions/no_such_element.html
Build info: version: '3.7.1', revision: '8a0099a', time: '2017-11-06T21:01:39.354Z'
System info: host: 'DESKTOP-80QDO0I', ip: '192.168.1.11', os.name: 'Windows 10', os.arch: 'amd64', os.version: '10.0', java.version: '1.8.0_202'
Driver info: org.openqa.selenium.chrome.ChromeDriver
Capabilities {acceptInsecureCerts: false, browserName: chrome, browserVersion: 75.0.3770.90, chrome: {chromedriverVersion: 75.0.3770.90 (a6dcaf7e3ec6f..., userDataDir: C:\Users\kako\AppData\Local...}, goog:chromeOptions: {debuggerAddress: localhost:50125}, javascriptEnabled: true, networkConnectionEnabled: false, pageLoadStrategy: normal, platform: XP, platformName: XP, proxy: Proxy(), setWindowRect: true, strictFileInteractability: false, timeouts: {implicit: 0, pageLoad: 300000, script: 30000}, unhandledPromptBehavior: dismiss and notify}
Session ID: b0e909733777f2525b799ed1e7bf36ec
*** Element info: {Using=id, value=nombreUsuario}
</error>
    <system-out><![CDATA[Se ingresa nombre de usuario y password para ser validados
]]></system-out>
  </testcase>
  <testcase name="Scenario: Ingresar al agendamiento de hora desde la pantalla inicio de sesion y menu." classname="Scenario: Ingresar al agendamiento de hora desde la pantalla inicio de sesion y menu." time="0.016">
    <error message="no such element: Unable to locate element: {&quot;method&quot;:&quot;css selector&quot;,&quot;selector&quot;:&quot;#nombreUsuario&quot;}&#10;  (Session info: chrome=75.0.3770.90)&#10;For documentation on this error, please visit: http://seleniumhq.org/exceptions/no_such_element.html&#10;Build info: version: &apos;3.7.1&apos;, revision: &apos;8a0099a&apos;, time: &apos;2017-11-06T21:01:39.354Z&apos;&#10;System info: host: &apos;DESKTOP-80QDO0I&apos;, ip: &apos;192.168.1.11&apos;, os.name: &apos;Windows 10&apos;, os.arch: &apos;amd64&apos;, os.version: &apos;10.0&apos;, java.version: &apos;1.8.0_202&apos;&#10;Driver info: org.openqa.selenium.chrome.ChromeDriver&#10;Capabilities {acceptInsecureCerts: false, browserName: chrome, browserVersion: 75.0.3770.90, chrome: {chromedriverVersion: 75.0.3770.90 (a6dcaf7e3ec6f..., userDataDir: C:\Users\kako\AppData\Local...}, goog:chromeOptions: {debuggerAddress: localhost:50125}, javascriptEnabled: true, networkConnectionEnabled: false, pageLoadStrategy: normal, platform: XP, platformName: XP, proxy: Proxy(), setWindowRect: true, strictFileInteractability: false, timeouts: {implicit: 0, pageLoad: 300000, script: 30000}, unhandledPromptBehavior: dismiss and notify}&#10;Session ID: b0e909733777f2525b799ed1e7bf36ec&#10;*** Element info: {Using=id, value=nombreUsuario}" type="org.openqa.selenium.NoSuchElementException">org.openqa.selenium.NoSuchElementException: 
no such element: Unable to locate element: {"method":"css selector","selector":"#nombreUsuario"}
  (Session info: chrome=75.0.3770.90)
For documentation on this error, please visit: http://seleniumhq.org/exceptions/no_such_element.html
Build info: version: '3.7.1', revision: '8a0099a', time: '2017-11-06T21:01:39.354Z'
System info: host: 'DESKTOP-80QDO0I', ip: '192.168.1.11', os.name: 'Windows 10', os.arch: 'amd64', os.version: '10.0', java.version: '1.8.0_202'
Driver info: org.openqa.selenium.chrome.ChromeDriver
Capabilities {acceptInsecureCerts: false, browserName: chrome, browserVersion: 75.0.3770.90, chrome: {chromedriverVersion: 75.0.3770.90 (a6dcaf7e3ec6f..., userDataDir: C:\Users\kako\AppData\Local...}, goog:chromeOptions: {debuggerAddress: localhost:50125}, javascriptEnabled: true, networkConnectionEnabled: false, pageLoadStrategy: normal, platform: XP, platformName: XP, proxy: Proxy(), setWindowRect: true, strictFileInteractability: false, timeouts: {implicit: 0, pageLoad: 300000, script: 30000}, unhandledPromptBehavior: dismiss and notify}
Session ID: b0e909733777f2525b799ed1e7bf36ec
*** Element info: {Using=id, value=nombreUsuario}
</error>
  </testcase>
  <testcase name="When Presiona el botón ingresar, es redireccionado a la pantalla menu" classname="Scenario: Ingresar al agendamiento de hora desde la pantalla inicio de sesion y menu." time="0">
    <skipped/>
  </testcase>
  <testcase name="Then En el menu presiona el link agendar hora y se redirecciona a la pantalla del formulario" classname="Scenario: Ingresar al agendamiento de hora desde la pantalla inicio de sesion y menu." time="0">
    <skipped/>
  </testcase>
</testsuite>